[LOG] System::create                           : Header version = 2.02.13. Current version = 2.02.13.
[LOG] Manager::init                            : maxchannels = 256 studioflags = 00000006 flags 00000000 extradriverdata 0000000000000000.
[LOG] SystemI::init                            : Initialize version=20213 (132591), maxchannels=256, flags=0x00020000
[LOG] SystemI::setOutputInternal               : Setting output to 'FMOD WASAPI Output'
[LOG] OutputWASAPI::init                       : Mix Format (WAVEFORMATEX): wFormatTag=0xFFFE, nChannels=2, nSamplesPerSec=48000, nAvgBytesPerSec=384000, nBlockAlign=8, wBitsPerSample=32, cbSize=22.
[LOG] OutputWASAPI::init                       : Mix Format (WAVEFORMATEXTENSIBLE): wValidBitsPerSample=32, dwChannelMask=0x00000003, SubFormat=00000003-0000-0010-8000-00AA00389B71.
[LOG] OutputWASAPI::init                       : Output buffer size: 4096 samples, latency: 0.00ms, period: 10.00ms, DSP buffer: 1024 * 4
[LOG] Thread::initThread                       : Init FMOD stream thread. Affinity: 0x4000000000000003, Priority: 0xFFFF7FFB, Stack Size: 98304, Semaphore: No, Sleep Time: 10, Looping: Yes.
[LOG] Thread::initThread                       : Init FMOD mixer thread. Affinity: 0x4000000000000001, Priority: 0xFFFF7FFA, Stack Size: 81920, Semaphore: No, Sleep Time: 0, Looping: Yes.
[LOG] AsyncManager::init                       : manager 000002E7DF156E88 isAsync 0 updatePeriod 0.02
[LOG] AsyncManager::init                       : done
[LOG] PlaybackSystem::init                     : 
[LOG] Thread::initThread                       : Init FMOD Studio sample load thread. Affinity: 0x4000000000000003, Priority: 0xFFFF7FFD, Stack Size: 98304, Semaphore: No, Sleep Time: 1, Looping: No.
[LOG] PlaybackSystem::init                     : done
[LOG] Thread::initThread                       : Init FMOD Studio bank load thread. Affinity: 0x4000000000000003, Priority: 0xFFFF7FFD, Stack Size: 98304, Semaphore: No, Sleep Time: 1, Looping: No.
[LOG] Manager::init                            : done.
[LOG] Manager::readBank                        : fileversion = 142, compatVersion = 140 (oldest = 44, newest = 142)
[LOG] Manager::readBank                        : fileversion = 142, compatVersion = 140 (oldest = 44, newest = 142)
[LOG] PlaybackSystem::acquireMasterBus         : Setting master channel group format to 6
[LOG] SystemI::createSoundInternal             : Create name='', mode=0x02000202
[LOG] SystemI::createSoundInternal             : exinfo->cbsize             = 224
[LOG] SystemI::createSoundInternal             : exinfo->length             = 8249024
[LOG] SystemI::createSoundInternal             : exinfo->fileoffset         = 107904
[LOG] SystemI::createSoundInternal             : exinfo->numsubsounds       = 1
[LOG] SystemI::createSoundInternal             : exinfo->inclusionlist      = 000000F161F8EE48
[LOG] SystemI::createSoundInternal             : exinfo->inclusionlistnum   = 1
[LOG] SystemI::createSoundInternal             : exinfo->suggestedsoundtype = 5
[LOG] SystemI::createSoundInternal             : exinfo->useropen           = 00007FFFAE6F39D0
[LOG] SystemI::createSoundInternal             : exinfo->userclose          = 00007FFFAE6F3990
[LOG] SystemI::createSoundInternal             : exinfo->userread           = 00007FFFAE6F3AB0
[LOG] SystemI::createSoundInternal             : exinfo->userseek           = 00007FFFAE6F3B70
[LOG] SystemI::createSoundInternal             : exinfo->fileuserdata       = 000002E7F35BA448
[LOG] SystemI::createSoundInternal             : exinfo->initialseekpostype = 1
[LOG] SystemI::DSPCodecPoolRegister            : register codec pool for pool type 5
[LOG] SystemI::createSoundInternal             : Sample 0/1: name='ASKL sur', format=5, channels=2, frequency=48000, lengthbytes=5824, lengthpcm=121621, pcmblocksize=0, loopstart=0, loopend=0, mode=0x00000000, channelmask=0x00000000, channelorder=0, peakvolume=0.150061.
[LOG] SystemI::createSoundInternal             : Create name='', mode=0x02000202
[LOG] SystemI::createSoundInternal             : exinfo->cbsize             = 224
[LOG] SystemI::createSoundInternal             : exinfo->length             = 8249024
[LOG] SystemI::createSoundInternal             : exinfo->fileoffset         = 107904
[LOG] SystemI::createSoundInternal             : exinfo->numsubsounds       = 1
[LOG] SystemI::createSoundInternal             : exinfo->inclusionlist      = 000000F161F8EE48
[LOG] SystemI::createSoundInternal             : exinfo->inclusionlistnum   = 1
[LOG] SystemI::createSoundInternal             : exinfo->suggestedsoundtype = 5
[LOG] SystemI::createSoundInternal             : exinfo->useropen           = 00007FFFAE6F39D0
[LOG] SystemI::createSoundInternal             : exinfo->userclose          = 00007FFFAE6F3990
[LOG] SystemI::createSoundInternal             : exinfo->userread           = 00007FFFAE6F3AB0
[LOG] SystemI::createSoundInternal             : exinfo->userseek           = 00007FFFAE6F3B70
[LOG] SystemI::createSoundInternal             : exinfo->fileuserdata       = 000002E7F35BA448
[LOG] SystemI::createSoundInternal             : exinfo->initialseekpostype = 1
[LOG] SystemI::DSPCodecPoolRegister            : register codec pool for pool type 5
[LOG] SystemI::createSoundInternal             : Sample 0/1: name='ask (2)', format=5, channels=2, frequency=48000, lengthbytes=7552, lengthpcm=121621, pcmblocksize=0, loopstart=0, loopend=0, mode=0x00000000, channelmask=0x00000000, channelorder=0, peakvolume=0.103897.
[LOG] SystemI::createSoundInternal             : Create name='', mode=0x02000202
[LOG] SystemI::createSoundInternal             : exinfo->cbsize             = 224
[LOG] SystemI::createSoundInternal             : exinfo->length             = 8249024
[LOG] SystemI::createSoundInternal             : exinfo->fileoffset         = 107904
[LOG] SystemI::createSoundInternal             : exinfo->numsubsounds       = 1
[LOG] SystemI::createSoundInternal             : exinfo->inclusionlist      = 000000F161F8EE48
[LOG] SystemI::createSoundInternal             : exinfo->inclusionlistnum   = 1
[LOG] SystemI::createSoundInternal             : exinfo->suggestedsoundtype = 5
[LOG] SystemI::createSoundInternal             : exinfo->useropen           = 00007FFFAE6F39D0
[LOG] SystemI::createSoundInternal             : exinfo->userclose          = 00007FFFAE6F3990
[LOG] SystemI::createSoundInternal             : exinfo->userread           = 00007FFFAE6F3AB0
[LOG] SystemI::createSoundInternal             : exinfo->userseek           = 00007FFFAE6F3B70
[LOG] SystemI::createSoundInternal             : exinfo->fileuserdata       = 000002E7F35BA448
[LOG] SystemI::createSoundInternal             : exinfo->initialseekpostype = 1
[LOG] SystemI::DSPCodecPoolRegister            : register codec pool for pool type 5
[LOG] SystemI::createSoundInternal             : Sample 0/1: name='ASKL manne npc-1', format=5, channels=2, frequency=48000, lengthbytes=5856, lengthpcm=121621, pcmblocksize=0, loopstart=0, loopend=0, mode=0x00000000, channelmask=0x00000000, channelorder=0, peakvolume=0.057043.
[LOG] SystemI::createSoundInternal             : Create name='', mode=0x02000202
[LOG] SystemI::createSoundInternal             : exinfo->cbsize             = 224
[LOG] SystemI::createSoundInternal             : exinfo->length             = 8249024
[LOG] SystemI::createSoundInternal             : exinfo->fileoffset         = 107904
[LOG] SystemI::createSoundInternal             : exinfo->numsubsounds       = 1
[LOG] SystemI::createSoundInternal             : exinfo->inclusionlist      = 000000F161F8EE48
[LOG] SystemI::createSoundInternal             : exinfo->inclusionlistnum   = 1
[LOG] SystemI::createSoundInternal             : exinfo->suggestedsoundtype = 5
[LOG] SystemI::createSoundInternal             : exinfo->useropen           = 00007FFFAE6F39D0
[LOG] SystemI::createSoundInternal             : exinfo->userclose          = 00007FFFAE6F3990
[LOG] SystemI::createSoundInternal             : exinfo->userread           = 00007FFFAE6F3AB0
[LOG] SystemI::createSoundInternal             : exinfo->userseek           = 00007FFFAE6F3B70
[LOG] SystemI::createSoundInternal             : exinfo->fileuserdata       = 000002E7F35BA448
[LOG] SystemI::createSoundInternal             : exinfo->initialseekpostype = 1
[LOG] SystemI::DSPCodecPoolRegister            : register codec pool for pool type 5
[LOG] SystemI::createSoundInternal             : Sample 0/1: name='ASKL manne npc-2', format=5, channels=2, frequency=48000, lengthbytes=6368, lengthpcm=121621, pcmblocksize=0, loopstart=0, loopend=0, mode=0x00000000, channelmask=0x00000000, channelorder=0, peakvolume=0.072615.
[LOG] SystemI::createSoundInternal             : Create name='', mode=0x02000202
[LOG] SystemI::createSoundInternal             : exinfo->cbsize             = 224
[LOG] SystemI::createSoundInternal             : exinfo->length             = 8249024
[LOG] SystemI::createSoundInternal             : exinfo->fileoffset         = 107904
[LOG] SystemI::createSoundInternal             : exinfo->numsubsounds       = 1
[LOG] SystemI::createSoundInternal             : exinfo->inclusionlist      = 000000F161F8EE48
[LOG] SystemI::createSoundInternal             : exinfo->inclusionlistnum   = 1
[LOG] SystemI::createSoundInternal             : exinfo->suggestedsoundtype = 5
[LOG] SystemI::createSoundInternal             : exinfo->useropen           = 00007FFFAE6F39D0
[LOG] SystemI::createSoundInternal             : exinfo->userclose          = 00007FFFAE6F3990
[LOG] SystemI::createSoundInternal             : exinfo->userread           = 00007FFFAE6F3AB0
[LOG] SystemI::createSoundInternal             : exinfo->userseek           = 00007FFFAE6F3B70
[LOG] SystemI::createSoundInternal             : exinfo->fileuserdata       = 000002E7F35BA448
[LOG] SystemI::createSoundInternal             : exinfo->initialseekpostype = 1
[LOG] SystemI::DSPCodecPoolRegister            : register codec pool for pool type 5
[LOG] SystemI::createSoundInternal             : Sample 0/1: name='ASKL manne npc', format=5, channels=2, frequency=48000, lengthbytes=4800, lengthpcm=121621, pcmblocksize=0, loopstart=0, loopend=0, mode=0x00000000, channelmask=0x00000000, channelorder=0, peakvolume=0.097836.
[LOG] SoundI::release                          :  (000002E7F2E1C708)
[LOG] SoundI::release                          :     ASKL manne npc-2 (000002E56A1E9078)
[LOG] SoundI::release                          :  (000002E7F2E1C598)
[LOG] SoundI::release                          :     ASKL manne npc-1 (000002E756FA3028)
[LOG] SoundI::release                          :  (000002E7F2E1C428)
[LOG] SoundI::release                          :     ask (2) (000002E756FA1148)
[LOG] SoundI::release                          :  (000002E7F2E1CB58)
[LOG] SoundI::release                          :     ASKL manne npc (000002E56A1E7E98)
[LOG] SoundI::release                          :  (000002E7F2E20088)
[LOG] SoundI::release                          :     ASKL sur (000002E756FA24C8)
[LOG] Thread::callback                         : FMOD Studio bank load thread finished.
[LOG] Thread::callback                         : FMOD Studio sample load thread finished.
[LOG] LiveUpdate::release                      : 
[LOG] LiveUpdate::reset                        : Reset connection (reason Disconnected)
[LOG] Thread::callback                         : FMOD stream thread finished.
[LOG] Thread::callback                         : FMOD mixer thread finished.
[LOG] SystemI::close                           : Closed.
